<?xml version="1.0" encoding="UTF-8"?>
<!-- Generated by org.testng.reporters.JUnitReportReporter -->
<testsuite hostname="LAPTOP-F9GTT2QO" failures="0" tests="1" name="testNgClass.NewTest" time="17.240" errors="0" timestamp="2023-08-26T12:50:23 IST" skipped="0">
  <testcase classname="testNgClass.NewTest" name="f" time="17.240"/>
  <system-out/>
</testsuite> <!-- testNgClass.NewTest -->
