<?xml version="1.0" encoding="UTF-8"?>
<!-- Generated by org.testng.reporters.JUnitReportReporter -->
<testsuite hostname="LAPTOP-F9GTT2QO" failures="0" tests="1" name="testClass.NewTest" time="37.973" errors="0" timestamp="2023-07-28T16:35:05 IST" skipped="0">
  <testcase classname="testClass.NewTest" name="f" time="37.973"/>
  <system-out/>
</testsuite> <!-- testClass.NewTest -->
