<?xml version="1.0" encoding="UTF-8"?>
<!-- Generated by org.testng.reporters.JUnitReportReporter -->
<testsuite hostname="LAPTOP-F9GTT2QO" failures="0" tests="1" name="testClass.NewTest" time="11.370" errors="0" timestamp="2023-07-19T14:04:28 IST" skipped="0">
  <testcase classname="testClass.NewTest" name="f" time="11.370"/>
  <system-out/>
</testsuite> <!-- testClass.NewTest -->
