<?xml version="1.0" encoding="UTF-8"?>
<!-- Generated by org.testng.reporters.JUnitReportReporter -->
<testsuite hostname="LAPTOP-F9GTT2QO" failures="0" tests="1" name="testClass.NewTest" time="99.775" errors="0" timestamp="2023-08-24T07:42:19 IST" skipped="0">
  <testcase classname="testClass.NewTest" name="f" time="99.775"/>
  <system-out>
    <![CDATA[get text of logo
click on health insurance
click on spouse
click on daughter
click on cont]]>
  </system-out>
</testsuite> <!-- testClass.NewTest -->
