<?xml version="1.0" encoding="UTF-8"?>
<!-- Generated by org.testng.reporters.JUnitReportReporter -->
<testsuite hostname="LAPTOP-F9GTT2QO" failures="0" tests="1" name="testClass.NewTest" time="22.297" errors="0" timestamp="2023-08-25T19:27:24 IST" skipped="0">
  <testcase classname="testClass.NewTest" name="f" time="22.297"/>
  <system-out>
    <![CDATA[click on that pop up
click on that products
click on that products
click on that products
Click On products ]]>
  </system-out>
</testsuite> <!-- testClass.NewTest -->
